Found orphan containers (src_url-aggregator-api_1) for this project. If you removed or renamed this service in your compose file, you can run this command with the --remove-orphans flag to clean it up.
Starting mongo ... 
[1A[2KStarting mongo ... [32mdone[0m[1BAttaching to mongo
[36mmongo            |[0m {"t":{"$date":"2020-09-27T18:13:57.346+00:00"},"s":"I",  "c":"CONTROL",  "id":23285,   "ctx":"main","msg":"Automatically disabling TLS 1.0, to force-enable TLS 1.0 specify --sslDisabledProtocols 'none'"}
[36mmongo            |[0m {"t":{"$date":"2020-09-27T18:13:57.347+00:00"},"s":"W",  "c":"ASIO",     "id":22601,   "ctx":"main","msg":"No TransportLayer configured during NetworkInterface startup"}
[36mmongo            |[0m {"t":{"$date":"2020-09-27T18:13:57.348+00:00"},"s":"I",  "c":"NETWORK",  "id":4648601, "ctx":"main","msg":"Implicit TCP FastOpen unavailable. If TCP FastOpen is required, set tcpFastOpenServer, tcpFastOpenClient, and tcpFastOpenQueueSize."}
[36mmongo            |[0m {"t":{"$date":"2020-09-27T18:13:57.348+00:00"},"s":"I",  "c":"STORAGE",  "id":4615611, "ctx":"initandlisten","msg":"MongoDB starting","attr":{"pid":1,"port":27017,"dbPath":"/data/db","architecture":"64-bit","host":"9e328a3410fa"}}
[36mmongo            |[0m {"t":{"$date":"2020-09-27T18:13:57.348+00:00"},"s":"I",  "c":"CONTROL",  "id":23403,   "ctx":"initandlisten","msg":"Build Info","attr":{"buildInfo":{"version":"4.4.1","gitVersion":"ad91a93a5a31e175f5cbf8c69561e788bbc55ce1","openSSLVersion":"OpenSSL 1.1.1  11 Sep 2018","modules":[],"allocator":"tcmalloc","environment":{"distmod":"ubuntu1804","distarch":"x86_64","target_arch":"x86_64"}}}}
[36mmongo            |[0m {"t":{"$date":"2020-09-27T18:13:57.348+00:00"},"s":"I",  "c":"CONTROL",  "id":51765,   "ctx":"initandlisten","msg":"Operating System","attr":{"os":{"name":"Ubuntu","version":"18.04"}}}
[36mmongo            |[0m {"t":{"$date":"2020-09-27T18:13:57.348+00:00"},"s":"I",  "c":"CONTROL",  "id":21951,   "ctx":"initandlisten","msg":"Options set by command line","attr":{"options":{"net":{"bindIp":"*"},"security":{"authorization":"enabled"}}}}
[36mmongo            |[0m {"t":{"$date":"2020-09-27T18:13:57.350+00:00"},"s":"I",  "c":"STORAGE",  "id":22270,   "ctx":"initandlisten","msg":"Storage engine to use detected by data files","attr":{"dbpath":"/data/db","storageEngine":"wiredTiger"}}
[36mmongo            |[0m {"t":{"$date":"2020-09-27T18:13:57.350+00:00"},"s":"I",  "c":"STORAGE",  "id":22297,   "ctx":"initandlisten","msg":"Using the XFS filesystem is strongly recommended with the WiredTiger storage engine. See http://dochub.mongodb.org/core/prodnotes-filesystem","tags":["startupWarnings"]}
[36mmongo            |[0m {"t":{"$date":"2020-09-27T18:13:57.350+00:00"},"s":"I",  "c":"STORAGE",  "id":22315,   "ctx":"initandlisten","msg":"Opening WiredTiger","attr":{"config":"create,cache_size=3430M,session_max=33000,eviction=(threads_min=4,threads_max=4),config_base=false,statistics=(fast),log=(enabled=true,archive=true,path=journal,compressor=snappy),file_manager=(close_idle_time=100000,close_scan_interval=10,close_handle_minimum=250),statistics_log=(wait=0),verbose=[recovery_progress,checkpoint_progress,compact_progress],"}}
[36mmongo            |[0m {"t":{"$date":"2020-09-27T18:13:58.017+00:00"},"s":"I",  "c":"STORAGE",  "id":22430,   "ctx":"initandlisten","msg":"WiredTiger message","attr":{"message":"[1601230438:17215][1:0x7f809015aa80], txn-recover: [WT_VERB_RECOVERY_PROGRESS] Recovering log 3 through 4"}}
[36mmongo            |[0m {"t":{"$date":"2020-09-27T18:13:58.111+00:00"},"s":"I",  "c":"STORAGE",  "id":22430,   "ctx":"initandlisten","msg":"WiredTiger message","attr":{"message":"[1601230438:111094][1:0x7f809015aa80], txn-recover: [WT_VERB_RECOVERY_PROGRESS] Recovering log 4 through 4"}}
[36mmongo            |[0m {"t":{"$date":"2020-09-27T18:13:58.260+00:00"},"s":"I",  "c":"STORAGE",  "id":22430,   "ctx":"initandlisten","msg":"WiredTiger message","attr":{"message":"[1601230438:260441][1:0x7f809015aa80], txn-recover: [WT_VERB_RECOVERY | WT_VERB_RECOVERY_PROGRESS] Main recovery loop: starting at 3/4096 to 4/256"}}
[36mmongo            |[0m {"t":{"$date":"2020-09-27T18:13:58.359+00:00"},"s":"I",  "c":"STORAGE",  "id":22430,   "ctx":"initandlisten","msg":"WiredTiger message","attr":{"message":"[1601230438:359452][1:0x7f809015aa80], txn-recover: [WT_VERB_RECOVERY_PROGRESS] Recovering log 3 through 4"}}
[36mmongo            |[0m {"t":{"$date":"2020-09-27T18:13:58.428+00:00"},"s":"I",  "c":"STORAGE",  "id":22430,   "ctx":"initandlisten","msg":"WiredTiger message","attr":{"message":"[1601230438:428392][1:0x7f809015aa80], txn-recover: [WT_VERB_RECOVERY_PROGRESS] Recovering log 4 through 4"}}
[36mmongo            |[0m {"t":{"$date":"2020-09-27T18:13:58.473+00:00"},"s":"I",  "c":"STORAGE",  "id":22430,   "ctx":"initandlisten","msg":"WiredTiger message","attr":{"message":"[1601230438:473334][1:0x7f809015aa80], txn-recover: [WT_VERB_RECOVERY | WT_VERB_RECOVERY_PROGRESS] Set global recovery timestamp: (0, 0)"}}
[36mmongo            |[0m {"t":{"$date":"2020-09-27T18:13:58.473+00:00"},"s":"I",  "c":"STORAGE",  "id":22430,   "ctx":"initandlisten","msg":"WiredTiger message","attr":{"message":"[1601230438:473393][1:0x7f809015aa80], txn-recover: [WT_VERB_RECOVERY | WT_VERB_RECOVERY_PROGRESS] Set global oldest timestamp: (0, 0)"}}
[36mmongo            |[0m {"t":{"$date":"2020-09-27T18:13:58.490+00:00"},"s":"I",  "c":"STORAGE",  "id":4795906, "ctx":"initandlisten","msg":"WiredTiger opened","attr":{"durationMillis":1140}}
[36mmongo            |[0m {"t":{"$date":"2020-09-27T18:13:58.490+00:00"},"s":"I",  "c":"RECOVERY", "id":23987,   "ctx":"initandlisten","msg":"WiredTiger recoveryTimestamp","attr":{"recoveryTimestamp":{"$timestamp":{"t":0,"i":0}}}}
[36mmongo            |[0m {"t":{"$date":"2020-09-27T18:13:58.497+00:00"},"s":"I",  "c":"STORAGE",  "id":22262,   "ctx":"initandlisten","msg":"Timestamp monitor starting"}
[36mmongo            |[0m {"t":{"$date":"2020-09-27T18:13:58.505+00:00"},"s":"W",  "c":"CONTROL",  "id":22184,   "ctx":"initandlisten","msg":"Soft rlimits too low","attr":{"currentValue":1024,"recommendedMinimum":64000},"tags":["startupWarnings"]}
[36mmongo            |[0m {"t":{"$date":"2020-09-27T18:13:58.513+00:00"},"s":"I",  "c":"STORAGE",  "id":20536,   "ctx":"initandlisten","msg":"Flow Control is enabled on this deployment"}
[36mmongo            |[0m {"t":{"$date":"2020-09-27T18:13:58.517+00:00"},"s":"I",  "c":"FTDC",     "id":20625,   "ctx":"initandlisten","msg":"Initializing full-time diagnostic data capture","attr":{"dataDirectory":"/data/db/diagnostic.data"}}
[36mmongo            |[0m {"t":{"$date":"2020-09-27T18:13:58.519+00:00"},"s":"I",  "c":"NETWORK",  "id":23015,   "ctx":"listener","msg":"Listening on","attr":{"address":"/tmp/mongodb-27017.sock"}}
[36mmongo            |[0m {"t":{"$date":"2020-09-27T18:13:58.519+00:00"},"s":"I",  "c":"NETWORK",  "id":23015,   "ctx":"listener","msg":"Listening on","attr":{"address":"0.0.0.0"}}
[36mmongo            |[0m {"t":{"$date":"2020-09-27T18:13:58.519+00:00"},"s":"I",  "c":"NETWORK",  "id":23016,   "ctx":"listener","msg":"Waiting for connections","attr":{"port":27017,"ssl":"off"}}
Stopping mongo ... 
[1A[2KStopping mongo ... [32mdone[0m[1BGracefully stopping... (press Ctrl+C again to force)
